<?xml version="1.0" encoding="UTF-8"?>
<!-- Generated by org.testng.reporters.JUnitReportReporter -->
<testsuite hostname="Raghul-Rumango" failures="0" tests="1" name="testcases.IcustKioskChequeDepositTc" time="73.242" errors="0" timestamp="2022-06-29T02:16:24 GMT-07:00" skipped="0">
  <testcase classname="testcases.IcustKioskChequeDepositTc" name="runIcustKioskLogin" time="73.242"/>
  <system-out/>
</testsuite> <!-- testcases.IcustKioskChequeDepositTc -->
