<?xml version="1.0" encoding="UTF-8"?>
<!-- Generated by org.testng.reporters.JUnitReportReporter -->
<testsuite hostname="DESKTOP-Q26TVV1" failures="0" tests="1" name="testcases.IcustCardOriginationTestCase" time="100.169" errors="0" timestamp="2022-07-19T13:18:59 IST" skipped="0">
  <testcase classname="testcases.IcustCardOriginationTestCase" name="runKYCBranchVerification" time="100.169"/>
  <system-out/>
</testsuite> <!-- testcases.IcustCardOriginationTestCase -->
