<?xml version="1.0" encoding="UTF-8"?>
<!-- Generated by org.testng.reporters.JUnitReportReporter -->
<testsuite skipped="0" hostname="NPR1002" name="testcases.IcustCreateAccountTaskSummary" tests="1" failures="0" timestamp="2022-02-18T12:09:08 IST" time="93.715" errors="0">
  <testcase name="runCreateAccountTaskSummary" time="93.715" classname="testcases.IcustCreateAccountTaskSummary"/>
</testsuite> <!-- testcases.IcustCreateAccountTaskSummary -->
