<?xml version="1.0" encoding="UTF-8"?>
<!-- Generated by org.testng.reporters.JUnitReportReporter -->
<testsuite hostname="NPR5004" failures="0" tests="1" name="testcases.IcustCreateDeposit" time="316.765" errors="0" timestamp="2022-06-24T17:09:42 IST" skipped="0">
  <testcase classname="testcases.IcustCreateDeposit" name="runCreateDeposit" time="316.765"/>
  <system-out/>
</testsuite> <!-- testcases.IcustCreateDeposit -->
