<?xml version="1.0" encoding="UTF-8"?>
<!-- Generated by org.testng.reporters.JUnitReportReporter -->
<testsuite skipped="0" hostname="NPR1002" name="testcases.IcustLogin_TC001" tests="1" failures="0" timestamp="2022-02-03T15:12:42 IST" time="110.355" errors="0">
  <testcase name="runIcustKioskLogin" time="110.355" classname="testcases.IcustLogin_TC001"/>
</testsuite> <!-- testcases.IcustLogin_TC001 -->
