<?xml version="1.0" encoding="UTF-8"?>
<!-- Generated by org.testng.reporters.JUnitReportReporter -->
<testsuite hostname="NPR11007" failures="0" tests="1" name="testcases.IcustCardOriginationTestCase" time="36.382" errors="0" timestamp="2022-07-07T15:57:00 IST" skipped="0">
  <testcase classname="testcases.IcustCardOriginationTestCase" name="runKYCBranchVerification" time="36.382"/>
  <system-out/>
</testsuite> <!-- testcases.IcustCardOriginationTestCase -->
