<?xml version="1.0" encoding="UTF-8"?>
<!-- Generated by org.testng.reporters.JUnitReportReporter -->
<testsuite skipped="0" hostname="NPR1002" name="testcases.IcustTellerDashboardSearchAndViewProfile" tests="1" failures="0" timestamp="2022-03-24T10:49:00 IST" time="49.292" errors="0">
  <testcase name="IcustTellerDashboardSearchAndView" time="49.292" classname="testcases.IcustTellerDashboardSearchAndViewProfile"/>
</testsuite> <!-- testcases.IcustTellerDashboardSearchAndViewProfile -->
