<?xml version="1.0" encoding="UTF-8"?>
<!-- Generated by org.testng.reporters.JUnitReportReporter -->
<testsuite hostname="NPR5004" failures="0" tests="1" name="testcases.maintenaceScreenTestcases.IcustBranchMaintenanceAddEditDeleteTestCase0003" time="43.562" errors="0" timestamp="2022-07-08T16:09:38 IST" skipped="0">
  <testcase classname="testcases.maintenaceScreenTestcases.IcustBranchMaintenanceAddEditDeleteTestCase0003" name="runBranchMaintenanceTestcase" time="43.562"/>
  <system-out/>
</testsuite> <!-- testcases.maintenaceScreenTestcases.IcustBranchMaintenanceAddEditDeleteTestCase0003 -->
