<?xml version="1.0" encoding="UTF-8"?>
<!-- Generated by org.testng.reporters.JUnitReportReporter -->
<testsuite skipped="0" hostname="NPR1002" name="testcases.IcustKYCVideoVerification" tests="1" failures="0" timestamp="2022-03-31T11:10:23 IST" time="93.314" errors="0">
  <testcase name="runKYCVideoVerification" time="93.314" classname="testcases.IcustKYCVideoVerification"/>
</testsuite> <!-- testcases.IcustKYCVideoVerification -->
