<?xml version="1.0" encoding="UTF-8"?>
<!-- Generated by org.testng.reporters.JUnitReportReporter -->
<testsuite hostname="Raghul-Rumango" failures="0" tests="1" name="testcases.IcustTokenServicesCashWithdrawal" time="53.435" errors="0" timestamp="2022-06-30T21:33:14 GMT-07:00" skipped="0">
  <testcase classname="testcases.IcustTokenServicesCashWithdrawal" name="TokenServicesCashWithdrawal" time="53.435"/>
  <system-out/>
</testsuite> <!-- testcases.IcustTokenServicesCashWithdrawal -->
