<?xml version="1.0" encoding="UTF-8"?>
<!-- Generated by org.testng.reporters.JUnitReportReporter -->
<testsuite skipped="0" hostname="NPR1002" name="testcases.ICustMobileCashDeposit" tests="1" failures="0" timestamp="2022-03-24T10:56:38 IST" time="123.152" errors="0">
  <testcase name="runICustMobileCashDeposit" time="123.152" classname="testcases.ICustMobileCashDeposit"/>
</testsuite> <!-- testcases.ICustMobileCashDeposit -->
