<?xml version="1.0" encoding="UTF-8"?>
<!-- Generated by org.testng.reporters.JUnitReportReporter -->
<testsuite hostname="Raghul-Rumango" failures="0" tests="1" name="testcases.IcustProfileUpdateTc" time="37.653" errors="0" timestamp="2022-06-27T03:25:24 GMT-07:00" skipped="0">
  <testcase classname="testcases.IcustProfileUpdateTc" name="runIcustPickAToken" time="37.653"/>
  <system-out/>
</testsuite> <!-- testcases.IcustProfileUpdateTc -->
