<?xml version="1.0" encoding="UTF-8"?>
<!-- Generated by org.testng.reporters.JUnitReportReporter -->
<testsuite hostname="Raghul-Rumango" failures="0" tests="1" name="testcases.IcustTokenServicesChequeWithdrawalTc" time="56.773" errors="0" timestamp="2022-06-30T22:39:57 GMT-07:00" skipped="0">
  <testcase classname="testcases.IcustTokenServicesChequeWithdrawalTc" name="TokenServicesCashWithdrawal" time="56.773"/>
  <system-out/>
</testsuite> <!-- testcases.IcustTokenServicesChequeWithdrawalTc -->
