<?xml version="1.0" encoding="UTF-8"?>
<!-- Generated by org.testng.reporters.JUnitReportReporter -->
<testsuite hostname="DESKTOP-VEDMQSE" failures="0" tests="1" name="testcases.IcustCustomerOnboardingTaskSummary" time="77.856" errors="0" timestamp="2022-06-20T15:05:14 IST" skipped="0">
  <testcase classname="testcases.IcustCustomerOnboardingTaskSummary" name="runKYCTaskSummary" time="77.856"/>
  <system-out/>
</testsuite> <!-- testcases.IcustCustomerOnboardingTaskSummary -->
