<?xml version="1.0" encoding="UTF-8"?>
<!-- Generated by org.testng.reporters.JUnitReportReporter -->
<testsuite hostname="DESKTOP-Q26TVV1" failures="0" tests="1" name="testcases.IcustCardOriginationTestCase" time="151.657" errors="0" timestamp="2022-07-17T22:30:03 GMT-07:00" skipped="0">
  <testcase classname="testcases.IcustCardOriginationTestCase" name="runKYCBranchVerification" time="151.657"/>
  <system-out/>
</testsuite> <!-- testcases.IcustCardOriginationTestCase -->
