<?xml version="1.0" encoding="UTF-8"?>
<!-- Generated by org.testng.reporters.JUnitReportReporter -->
<testsuite hostname="NPR5004" failures="0" tests="1" name="testcases.IcustKioskCashDeposit_TC003" time="52.567" errors="0" timestamp="2022-06-21T14:31:00 IST" skipped="0">
  <testcase classname="testcases.IcustKioskCashDeposit_TC003" name="runIcustKioskLogin" time="52.567"/>
  <system-out/>
</testsuite> <!-- testcases.IcustKioskCashDeposit_TC003 -->
