<?xml version="1.0" encoding="UTF-8"?>
<!-- Generated by org.testng.reporters.JUnitReportReporter -->
<testsuite hostname="NPR5004" failures="0" tests="1" name="testcases.IcustKioskCashWithdrawal_TC002" time="63.043" errors="0" timestamp="2022-06-21T14:50:33 IST" skipped="0">
  <testcase classname="testcases.IcustKioskCashWithdrawal_TC002" name="runIcustKioskLogin" time="63.043"/>
  <system-out/>
</testsuite> <!-- testcases.IcustKioskCashWithdrawal_TC002 -->
