<?xml version="1.0" encoding="UTF-8"?>
<!-- Generated by org.testng.reporters.JUnitReportReporter -->
<testsuite skipped="0" hostname="NPR1002" name="testcases.IcustNewCustomerOnboardingTestCase" tests="1" failures="0" timestamp="2022-03-23T15:04:46 IST" time="126.918" errors="0">
  <testcase name="runNewCustomer" time="126.918" classname="testcases.IcustNewCustomerOnboardingTestCase"/>
</testsuite> <!-- testcases.IcustNewCustomerOnboardingTestCase -->
