<?xml version="1.0" encoding="UTF-8"?>
<!-- Generated by org.testng.reporters.JUnitReportReporter -->
<testsuite skipped="0" hostname="NPR1002" name="testcases.IcustKycTaskSummary" tests="1" failures="0" timestamp="2022-03-31T10:46:49 IST" time="61.981" errors="0">
  <testcase name="runKYCTaskSummary" time="61.981" classname="testcases.IcustKycTaskSummary"/>
</testsuite> <!-- testcases.IcustKycTaskSummary -->
