<?xml version="1.0" encoding="UTF-8"?>
<!-- Generated by org.testng.reporters.JUnitReportReporter -->
<testsuite skipped="0" hostname="NPR1002" name="testcases.IcustTellerLoginApplication" tests="1" failures="0" timestamp="2021-10-18T19:22:14 IST" time="34.248" errors="0">
  <testcase name="runIcustLogin" time="34.248" classname="testcases.IcustTellerLoginApplication"/>
</testsuite> <!-- testcases.IcustTellerLoginApplication -->
