<?xml version="1.0" encoding="UTF-8"?>
<!-- Generated by org.testng.reporters.JUnitReportReporter -->
<testsuite skipped="0" hostname="NPR1002" name="testcases.IcustTokenServicesCashWithdrawal" tests="1" failures="0" timestamp="2022-03-24T10:54:14 IST" time="61.686" errors="0">
  <testcase name="TokenServicesCashWithdrawal" time="61.686" classname="testcases.IcustTokenServicesCashWithdrawal"/>
</testsuite> <!-- testcases.IcustTokenServicesCashWithdrawal -->
