<?xml version="1.0" encoding="UTF-8"?>
<!-- Generated by org.testng.reporters.JUnitReportReporter -->
<testsuite skipped="0" hostname="NPR1002" name="testcases.IcustCashDeposit_TC003" tests="1" failures="0" timestamp="2022-02-18T18:40:25 IST" time="75.262" errors="0">
  <testcase name="runIcustKioskLogin" time="75.262" classname="testcases.IcustCashDeposit_TC003"/>
</testsuite> <!-- testcases.IcustCashDeposit_TC003 -->
