<?xml version="1.0" encoding="UTF-8"?>
<!-- Generated by org.testng.reporters.JUnitReportReporter -->
<testsuite hostname="Raghul-Rumango" failures="0" tests="1" name="testcases.IcustTokenServicesChequeDepositTc" time="60.181" errors="0" timestamp="2022-07-01T01:24:30 GMT-07:00" skipped="0">
  <testcase classname="testcases.IcustTokenServicesChequeDepositTc" name="TokenServicesCashWithdrawal" time="60.181"/>
  <system-out/>
</testsuite> <!-- testcases.IcustTokenServicesChequeDepositTc -->
