<?xml version="1.0" encoding="UTF-8"?>
<!-- Generated by org.testng.reporters.JUnitReportReporter -->
<testsuite skipped="0" hostname="NPR1002" name="testcases.IcustCustomerOnboardingTaskSummary" tests="1" failures="0" timestamp="2022-03-31T10:52:47 IST" time="89.396" errors="0">
  <testcase name="runKYCTaskSummary" time="89.396" classname="testcases.IcustCustomerOnboardingTaskSummary"/>
</testsuite> <!-- testcases.IcustCustomerOnboardingTaskSummary -->
