<?xml version="1.0" encoding="UTF-8"?>
<!-- Generated by org.testng.reporters.JUnitReportReporter -->
<testsuite hostname="Raghul-Rumango" failures="0" tests="1" name="testcases.IcustKYCBranchVerification" time="38.718" errors="0" timestamp="2022-06-27T22:28:53 GMT-07:00" skipped="0">
  <testcase classname="testcases.IcustKYCBranchVerification" name="runKYCBranchVerification" time="38.718"/>
  <system-out/>
</testsuite> <!-- testcases.IcustKYCBranchVerification -->
