<?xml version="1.0" encoding="UTF-8"?>
<!-- Generated by org.testng.reporters.JUnitReportReporter -->
<testsuite hostname="DESKTOP-VEDMQSE" failures="0" tests="1" name="testcases.IcustPickATokenTestCase" time="58.158" errors="0" timestamp="2022-06-17T10:22:08 IST" skipped="0">
  <testcase classname="testcases.IcustPickATokenTestCase" name="runIcustPickAToken" time="58.158"/>
  <system-out/>
</testsuite> <!-- testcases.IcustPickATokenTestCase -->
