<?xml version="1.0" encoding="UTF-8"?>
<!-- Generated by org.testng.reporters.JUnitReportReporter -->
<testsuite hostname="DESKTOP-VEDMQSE" failures="0" tests="1" name="testcases.IcustPickATokenTestCase" time="52.867" errors="0" timestamp="2022-06-20T14:31:26 IST" skipped="0">
  <testcase classname="testcases.IcustPickATokenTestCase" name="runIcustPickAToken" time="52.867"/>
  <system-out/>
</testsuite> <!-- testcases.IcustPickATokenTestCase -->
