<?xml version="1.0" encoding="UTF-8"?>
<!-- Generated by org.testng.reporters.JUnitReportReporter -->
<testsuite hostname="Raghul-Rumango" failures="0" tests="1" name="testcases.IcustKioskChequeWithdrawalTc" time="70.191" errors="0" timestamp="2022-07-04T04:04:00 GMT-07:00" skipped="0">
  <testcase classname="testcases.IcustKioskChequeWithdrawalTc" name="runIcustKioskLogin" time="70.191"/>
  <system-out/>
</testsuite> <!-- testcases.IcustKioskChequeWithdrawalTc -->
