<?xml version="1.0" encoding="UTF-8"?>
<!-- Generated by org.testng.reporters.JUnitReportReporter -->
<testsuite hostname="DESKTOP-VEDMQSE" failures="0" tests="1" name="testcases.IcustKYCVideoVerification" time="106.758" errors="0" timestamp="2022-06-15T14:06:13 IST" skipped="0">
  <testcase classname="testcases.IcustKYCVideoVerification" name="runKYCVideoVerification" time="106.758"/>
  <system-out/>
</testsuite> <!-- testcases.IcustKYCVideoVerification -->
