<?xml version="1.0" encoding="UTF-8"?>
<!-- Generated by org.testng.reporters.JUnitReportReporter -->
<testsuite skipped="0" hostname="NPR1002" name="testcases.IcustCashWithdrawal_TC002" tests="1" failures="0" timestamp="2022-03-23T21:30:34 IST" time="73.035" errors="0">
  <testcase name="runIcustKioskLogin" time="73.035" classname="testcases.IcustCashWithdrawal_TC002"/>
</testsuite> <!-- testcases.IcustCashWithdrawal_TC002 -->
