<?xml version="1.0" encoding="UTF-8"?>
<!-- Generated by org.testng.reporters.JUnitReportReporter -->
<testsuite hostname="Raghul-Rumango" failures="0" tests="1" name="testcases.IcustKioskLogin_TC001" time="49.360" errors="0" timestamp="2022-06-27T23:14:23 GMT-07:00" skipped="0">
  <testcase classname="testcases.IcustKioskLogin_TC001" name="runIcustKioskLogin" time="49.360"/>
  <system-out/>
</testsuite> <!-- testcases.IcustKioskLogin_TC001 -->
