<?xml version="1.0" encoding="UTF-8"?>
<!-- Generated by org.testng.reporters.JUnitReportReporter -->
<testsuite hostname="Raghul-Rumango" failures="0" tests="1" name="testcases.IcustTokenServicesChequeDepositTc" time="65.274" errors="0" timestamp="2022-07-01T03:35:18 GMT-07:00" skipped="0">
  <testcase classname="testcases.IcustTokenServicesChequeDepositTc" name="TokenServicesCashWithdrawal" time="65.274"/>
  <system-out/>
</testsuite> <!-- testcases.IcustTokenServicesChequeDepositTc -->
