<?xml version="1.0" encoding="UTF-8"?>
<!-- Generated by org.testng.reporters.JUnitReportReporter -->
<testsuite hostname="DESKTOP-Q26TVV1" failures="0" tests="1" name="testcases.LoginTestcases" time="12.299" errors="0" timestamp="2022-07-13T05:30:16 GMT-07:00" skipped="0">
  <testcase classname="testcases.LoginTestcases" name="runLoginTestcases" time="12.299"/>
  <system-out/>
</testsuite> <!-- testcases.LoginTestcases -->
