<?xml version="1.0" encoding="UTF-8"?>
<!-- Generated by org.testng.reporters.JUnitReportReporter -->
<testsuite hostname="NPR5004" failures="0" tests="1" name="testcases.IcustLogin_TC001" time="50.287" errors="0" timestamp="2022-06-21T11:22:27 IST" skipped="0">
  <testcase classname="testcases.IcustLogin_TC001" name="runIcustKioskLogin" time="50.287"/>
  <system-out/>
</testsuite> <!-- testcases.IcustLogin_TC001 -->
