<?xml version="1.0" encoding="UTF-8"?>
<!-- Generated by org.testng.reporters.JUnitReportReporter -->
<testsuite skipped="0" hostname="NPR1002" name="testcases.IcustKYCBranchVerification" tests="1" failures="0" timestamp="2022-03-31T10:45:15 IST" time="149.921" errors="0">
  <testcase name="runKYCBranchVerification" time="149.921" classname="testcases.IcustKYCBranchVerification"/>
</testsuite> <!-- testcases.IcustKYCBranchVerification -->
