<?xml version="1.0" encoding="UTF-8"?>
<!-- Generated by org.testng.reporters.JUnitReportReporter -->
<testsuite skipped="0" hostname="NPR1002" name="testcases.IcustTokenServicesCashDeposit" tests="1" failures="0" timestamp="2022-03-24T10:52:53 IST" time="67.054" errors="0">
  <testcase name="TokenServicesCashDeposit" time="67.054" classname="testcases.IcustTokenServicesCashDeposit"/>
</testsuite> <!-- testcases.IcustTokenServicesCashDeposit -->
