<?xml version="1.0" encoding="UTF-8"?>
<!-- Generated by org.testng.reporters.JUnitReportReporter -->
<testsuite hostname="NPR5004" failures="0" tests="1" name="testcases.maintenaceScreenTestcases.IcustEntityMaintenanceAddEditDelete0002" time="97.305" errors="0" timestamp="2022-07-08T09:59:05 IST" skipped="0">
  <testcase classname="testcases.maintenaceScreenTestcases.IcustEntityMaintenanceAddEditDelete0002" name="runEntityMaintenanceTestcase" time="97.305"/>
  <system-out/>
</testsuite> <!-- testcases.maintenaceScreenTestcases.IcustEntityMaintenanceAddEditDelete0002 -->
