<?xml version="1.0" encoding="UTF-8"?>
<!-- Generated by org.testng.reporters.JUnitReportReporter -->
<testsuite hostname="DESKTOP-VEDMQSE" failures="0" tests="1" name="testcases.IcustKycTaskSummary" time="59.634" errors="0" timestamp="2022-06-15T14:25:15 IST" skipped="0">
  <testcase classname="testcases.IcustKycTaskSummary" name="runKYCTaskSummary" time="59.634"/>
  <system-out/>
</testsuite> <!-- testcases.IcustKycTaskSummary -->
