<?xml version="1.0" encoding="UTF-8"?>
<!-- Generated by org.testng.reporters.JUnitReportReporter -->
<testsuite hostname="Raghul-Rumango" failures="0" tests="1" name="testcases.IcustTokenServicesCashDeposit" time="60.376" errors="0" timestamp="2022-06-30T21:28:06 GMT-07:00" skipped="0">
  <testcase classname="testcases.IcustTokenServicesCashDeposit" name="TokenServicesCashDeposit" time="60.376"/>
  <system-out/>
</testsuite> <!-- testcases.IcustTokenServicesCashDeposit -->
