<?xml version="1.0" encoding="UTF-8"?>
<!-- Generated by org.testng.reporters.JUnitReportReporter -->
<testsuite hostname="Raghul-Rumango" failures="0" tests="1" name="testcases.IcustRecentTransactionandReverseTransactionTc" time="44.245" errors="0" timestamp="2022-06-26T23:10:00 GMT-07:00" skipped="0">
  <testcase classname="testcases.IcustRecentTransactionandReverseTransactionTc" name="runIcustPickAToken" time="44.245"/>
  <system-out/>
</testsuite> <!-- testcases.IcustRecentTransactionandReverseTransactionTc -->
