<?xml version="1.0" encoding="UTF-8"?>
<!-- Generated by org.testng.reporters.JUnitReportReporter -->
<testsuite hostname="Raghul-Rumango" failures="0" tests="1" name="testcases.IcustCreateAccountTaskSummary" time="89.938" errors="0" timestamp="2022-06-27T03:54:40 GMT-07:00" skipped="0">
  <testcase classname="testcases.IcustCreateAccountTaskSummary" name="runCreateAccountTaskSummary" time="89.938"/>
  <system-out/>
</testsuite> <!-- testcases.IcustCreateAccountTaskSummary -->
