<?xml version="1.0" encoding="UTF-8"?>
<!-- Generated by org.testng.reporters.JUnitReportReporter -->
<testsuite hostname="NPR5004" failures="0" tests="1" name="testcases.maintenaceScreenTestcases.IcustBankMaintenanceAddEditDeleteTestCase0001" time="82.462" errors="0" timestamp="2022-06-30T23:53:25 IST" skipped="0">
  <testcase classname="testcases.maintenaceScreenTestcases.IcustBankMaintenanceAddEditDeleteTestCase0001" name="runBankMaintenanceTestcase" time="82.462"/>
  <system-out/>
</testsuite> <!-- testcases.maintenaceScreenTestcases.IcustBankMaintenanceAddEditDeleteTestCase0001 -->
