<?xml version="1.0" encoding="UTF-8"?>
<!-- Generated by org.testng.reporters.JUnitReportReporter -->
<testsuite skipped="0" hostname="NPR1002" name="testcases.IcustPickATokenTestCase" tests="1" failures="0" timestamp="2022-03-24T10:47:05 IST" time="62.301" errors="0">
  <testcase name="runIcustPickAToken" time="62.301" classname="testcases.IcustPickATokenTestCase"/>
</testsuite> <!-- testcases.IcustPickATokenTestCase -->
