<?xml version="1.0" encoding="UTF-8"?>
<!-- Generated by org.testng.reporters.JUnitReportReporter -->
<<<<<<< Updated upstream
<<<<<<< Updated upstream
<<<<<<< Updated upstream
<testsuite hostname="DESKTOP-VEDMQSE" failures="0" tests="1" name="testcases.IcustCorporateOnboardingTaskSummaryTC" time="120.933" errors="0" timestamp="2022-06-20T16:40:28 IST" skipped="0">
  <testcase classname="testcases.IcustCorporateOnboardingTaskSummaryTC" name="runCreateAccountTaskSummary" time="120.933"/>
=======
<testsuite hostname="DESKTOP-VEDMQSE" failures="0" tests="1" name="testcases.IcustCorporateOnboardingTaskSummaryTC" time="30.245" errors="0" timestamp="2022-06-20T15:43:41 IST" skipped="0">
  <testcase classname="testcases.IcustCorporateOnboardingTaskSummaryTC" name="runCreateAccountTaskSummary" time="30.245"/>
>>>>>>> Stashed changes
=======
<testsuite hostname="DESKTOP-VEDMQSE" failures="0" tests="1" name="testcases.IcustCorporateOnboardingTaskSummaryTC" time="30.245" errors="0" timestamp="2022-06-20T15:43:41 IST" skipped="0">
  <testcase classname="testcases.IcustCorporateOnboardingTaskSummaryTC" name="runCreateAccountTaskSummary" time="30.245"/>
>>>>>>> Stashed changes
=======
<testsuite hostname="DESKTOP-VEDMQSE" failures="0" tests="1" name="testcases.IcustCorporateOnboardingTaskSummaryTC" time="30.245" errors="0" timestamp="2022-06-20T15:43:41 IST" skipped="0">
  <testcase classname="testcases.IcustCorporateOnboardingTaskSummaryTC" name="runCreateAccountTaskSummary" time="30.245"/>
>>>>>>> Stashed changes
  <system-out/>
</testsuite> <!-- testcases.IcustCorporateOnboardingTaskSummaryTC -->
