<?xml version="1.0" encoding="UTF-8"?>
<!-- Generated by org.testng.reporters.JUnitReportReporter -->
<testsuite skipped="0" hostname="NPR1002" name="testcases.ICustMobileChequeWithdrawal" tests="1" failures="0" timestamp="2022-02-25T21:35:12 IST" time="116.584" errors="0">
  <testcase name="runICustMobileChequeWithdrawal" time="116.584" classname="testcases.ICustMobileChequeWithdrawal"/>
</testsuite> <!-- testcases.ICustMobileChequeWithdrawal -->
