<?xml version="1.0" encoding="UTF-8"?>
<!-- Generated by org.testng.reporters.JUnitReportReporter -->
<testsuite skipped="0" hostname="NPR1002" name="testcases.IcustCorporateCustomerOnboarding" tests="1" failures="0" timestamp="2022-03-31T11:02:52 IST" time="235.258" errors="0">
  <testcase name="runCorporateCustomerOnboarding" time="235.258" classname="testcases.IcustCorporateCustomerOnboarding"/>
</testsuite> <!-- testcases.IcustCorporateCustomerOnboarding -->
