<?xml version="1.0" encoding="UTF-8"?>
<!-- Generated by org.testng.reporters.JUnitReportReporter -->
<testsuite hostname="NPR5004" failures="0" tests="1" name="testcases.dashboard360.ViewProfile360Testcases" time="102.994" errors="0" timestamp="2022-06-19T19:37:04 IST" skipped="0">
  <testcase classname="testcases.dashboard360.ViewProfile360Testcases" name="runViewProfile360Testcases" time="102.994"/>
  <system-out/>
</testsuite> <!-- testcases.dashboard360.ViewProfile360Testcases -->
