<?xml version="1.0" encoding="UTF-8"?>
<!-- Generated by org.testng.reporters.JUnitReportReporter -->
<testsuite hostname="DESKTOP-Q26TVV1" failures="0" tests="1" name="testcases.IcustCardOriginationTestCase" time="142.079" errors="0" timestamp="2022-07-21T17:25:01 IST" skipped="0">
  <testcase classname="testcases.IcustCardOriginationTestCase" name="runKYCBranchVerification" time="142.079"/>
  <system-out/>
</testsuite> <!-- testcases.IcustCardOriginationTestCase -->
