<?xml version="1.0" encoding="UTF-8"?>
<!-- Generated by org.testng.reporters.JUnitReportReporter -->
<testsuite hostname="Raghul-Rumango" failures="0" tests="1" name="testcases.IcustTellerLoginApplication" time="46.488" errors="0" timestamp="2022-06-26T22:11:52 GMT-07:00" skipped="0">
  <testcase classname="testcases.IcustTellerLoginApplication" name="runIcustLogin" time="46.488"/>
  <system-out/>
</testsuite> <!-- testcases.IcustTellerLoginApplication -->
